Problem:    sudoku
Rows:       324
Columns:    729 (729 integer, 729 binary)
Non-zeros:  2916
Status:     INTEGER OPTIMAL
Objective:  0 (MINimum)

   No.   Row name        Activity     Lower bound   Upper bound
------ ------------    ------------- ------------- -------------
     1 assignment[1,1]
                                   1             1             = 
     2 assignment[1,2]
                                   1             1             = 
     3 assignment[1,3]
                                   1             1             = 
     4 assignment[1,4]
                                   1             1             = 
     5 assignment[1,5]
                                   1             1             = 
     6 assignment[1,6]
                                   1             1             = 
     7 assignment[1,7]
                                   1             1             = 
     8 assignment[1,8]
                                   1             1             = 
     9 assignment[1,9]
                                   1             1             = 
    10 assignment[2,1]
                                   1             1             = 
    11 assignment[2,2]
                                   1             1             = 
    12 assignment[2,3]
                                   1             1             = 
    13 assignment[2,4]
                                   1             1             = 
    14 assignment[2,5]
                                   1             1             = 
    15 assignment[2,6]
                                   1             1             = 
    16 assignment[2,7]
                                   1             1             = 
    17 assignment[2,8]
                                   1             1             = 
    18 assignment[2,9]
                                   1             1             = 
    19 assignment[3,1]
                                   1             1             = 
    20 assignment[3,2]
                                   1             1             = 
    21 assignment[3,3]
                                   1             1             = 
    22 assignment[3,4]
                                   1             1             = 
    23 assignment[3,5]
                                   1             1             = 
    24 assignment[3,6]
                                   1             1             = 
    25 assignment[3,7]
                                   1             1             = 
    26 assignment[3,8]
                                   1             1             = 
    27 assignment[3,9]
                                   1             1             = 
    28 assignment[4,1]
                                   1             1             = 
    29 assignment[4,2]
                                   1             1             = 
    30 assignment[4,3]
                                   1             1             = 
    31 assignment[4,4]
                                   1             1             = 
    32 assignment[4,5]
                                   1             1             = 
    33 assignment[4,6]
                                   1             1             = 
    34 assignment[4,7]
                                   1             1             = 
    35 assignment[4,8]
                                   1             1             = 
    36 assignment[4,9]
                                   1             1             = 
    37 assignment[5,1]
                                   1             1             = 
    38 assignment[5,2]
                                   1             1             = 
    39 assignment[5,3]
                                   1             1             = 
    40 assignment[5,4]
                                   1             1             = 
    41 assignment[5,5]
                                   1             1             = 
    42 assignment[5,6]
                                   1             1             = 
    43 assignment[5,7]
                                   1             1             = 
    44 assignment[5,8]
                                   1             1             = 
    45 assignment[5,9]
                                   1             1             = 
    46 assignment[6,1]
                                   1             1             = 
    47 assignment[6,2]
                                   1             1             = 
    48 assignment[6,3]
                                   1             1             = 
    49 assignment[6,4]
                                   1             1             = 
    50 assignment[6,5]
                                   1             1             = 
    51 assignment[6,6]
                                   1             1             = 
    52 assignment[6,7]
                                   1             1             = 
    53 assignment[6,8]
                                   1             1             = 
    54 assignment[6,9]
                                   1             1             = 
    55 assignment[7,1]
                                   1             1             = 
    56 assignment[7,2]
                                   1             1             = 
    57 assignment[7,3]
                                   1             1             = 
    58 assignment[7,4]
                                   1             1             = 
    59 assignment[7,5]
                                   1             1             = 
    60 assignment[7,6]
                                   1             1             = 
    61 assignment[7,7]
                                   1             1             = 
    62 assignment[7,8]
                                   1             1             = 
    63 assignment[7,9]
                                   1             1             = 
    64 assignment[8,1]
                                   1             1             = 
    65 assignment[8,2]
                                   1             1             = 
    66 assignment[8,3]
                                   1             1             = 
    67 assignment[8,4]
                                   1             1             = 
    68 assignment[8,5]
                                   1             1             = 
    69 assignment[8,6]
                                   1             1             = 
    70 assignment[8,7]
                                   1             1             = 
    71 assignment[8,8]
                                   1             1             = 
    72 assignment[8,9]
                                   1             1             = 
    73 assignment[9,1]
                                   1             1             = 
    74 assignment[9,2]
                                   1             1             = 
    75 assignment[9,3]
                                   1             1             = 
    76 assignment[9,4]
                                   1             1             = 
    77 assignment[9,5]
                                   1             1             = 
    78 assignment[9,6]
                                   1             1             = 
    79 assignment[9,7]
                                   1             1             = 
    80 assignment[9,8]
                                   1             1             = 
    81 assignment[9,9]
                                   1             1             = 
    82 valoriPerRiga[1,1]
                                   1             1             = 
    83 valoriPerRiga[1,2]
                                   1             1             = 
    84 valoriPerRiga[1,3]
                                   1             1             = 
    85 valoriPerRiga[1,4]
                                   1             1             = 
    86 valoriPerRiga[1,5]
                                   1             1             = 
    87 valoriPerRiga[1,6]
                                   1             1             = 
    88 valoriPerRiga[1,7]
                                   1             1             = 
    89 valoriPerRiga[1,8]
                                   1             1             = 
    90 valoriPerRiga[1,9]
                                   1             1             = 
    91 valoriPerRiga[2,1]
                                   1             1             = 
    92 valoriPerRiga[2,2]
                                   1             1             = 
    93 valoriPerRiga[2,3]
                                   1             1             = 
    94 valoriPerRiga[2,4]
                                   1             1             = 
    95 valoriPerRiga[2,5]
                                   1             1             = 
    96 valoriPerRiga[2,6]
                                   1             1             = 
    97 valoriPerRiga[2,7]
                                   1             1             = 
    98 valoriPerRiga[2,8]
                                   1             1             = 
    99 valoriPerRiga[2,9]
                                   1             1             = 
   100 valoriPerRiga[3,1]
                                   1             1             = 
   101 valoriPerRiga[3,2]
                                   1             1             = 
   102 valoriPerRiga[3,3]
                                   1             1             = 
   103 valoriPerRiga[3,4]
                                   1             1             = 
   104 valoriPerRiga[3,5]
                                   1             1             = 
   105 valoriPerRiga[3,6]
                                   1             1             = 
   106 valoriPerRiga[3,7]
                                   1             1             = 
   107 valoriPerRiga[3,8]
                                   1             1             = 
   108 valoriPerRiga[3,9]
                                   1             1             = 
   109 valoriPerRiga[4,1]
                                   1             1             = 
   110 valoriPerRiga[4,2]
                                   1             1             = 
   111 valoriPerRiga[4,3]
                                   1             1             = 
   112 valoriPerRiga[4,4]
                                   1             1             = 
   113 valoriPerRiga[4,5]
                                   1             1             = 
   114 valoriPerRiga[4,6]
                                   1             1             = 
   115 valoriPerRiga[4,7]
                                   1             1             = 
   116 valoriPerRiga[4,8]
                                   1             1             = 
   117 valoriPerRiga[4,9]
                                   1             1             = 
   118 valoriPerRiga[5,1]
                                   1             1             = 
   119 valoriPerRiga[5,2]
                                   1             1             = 
   120 valoriPerRiga[5,3]
                                   1             1             = 
   121 valoriPerRiga[5,4]
                                   1             1             = 
   122 valoriPerRiga[5,5]
                                   1             1             = 
   123 valoriPerRiga[5,6]
                                   1             1             = 
   124 valoriPerRiga[5,7]
                                   1             1             = 
   125 valoriPerRiga[5,8]
                                   1             1             = 
   126 valoriPerRiga[5,9]
                                   1             1             = 
   127 valoriPerRiga[6,1]
                                   1             1             = 
   128 valoriPerRiga[6,2]
                                   1             1             = 
   129 valoriPerRiga[6,3]
                                   1             1             = 
   130 valoriPerRiga[6,4]
                                   1             1             = 
   131 valoriPerRiga[6,5]
                                   1             1             = 
   132 valoriPerRiga[6,6]
                                   1             1             = 
   133 valoriPerRiga[6,7]
                                   1             1             = 
   134 valoriPerRiga[6,8]
                                   1             1             = 
   135 valoriPerRiga[6,9]
                                   1             1             = 
   136 valoriPerRiga[7,1]
                                   1             1             = 
   137 valoriPerRiga[7,2]
                                   1             1             = 
   138 valoriPerRiga[7,3]
                                   1             1             = 
   139 valoriPerRiga[7,4]
                                   1             1             = 
   140 valoriPerRiga[7,5]
                                   1             1             = 
   141 valoriPerRiga[7,6]
                                   1             1             = 
   142 valoriPerRiga[7,7]
                                   1             1             = 
   143 valoriPerRiga[7,8]
                                   1             1             = 
   144 valoriPerRiga[7,9]
                                   1             1             = 
   145 valoriPerRiga[8,1]
                                   1             1             = 
   146 valoriPerRiga[8,2]
                                   1             1             = 
   147 valoriPerRiga[8,3]
                                   1             1             = 
   148 valoriPerRiga[8,4]
                                   1             1             = 
   149 valoriPerRiga[8,5]
                                   1             1             = 
   150 valoriPerRiga[8,6]
                                   1             1             = 
   151 valoriPerRiga[8,7]
                                   1             1             = 
   152 valoriPerRiga[8,8]
                                   1             1             = 
   153 valoriPerRiga[8,9]
                                   1             1             = 
   154 valoriPerRiga[9,1]
                                   1             1             = 
   155 valoriPerRiga[9,2]
                                   1             1             = 
   156 valoriPerRiga[9,3]
                                   1             1             = 
   157 valoriPerRiga[9,4]
                                   1             1             = 
   158 valoriPerRiga[9,5]
                                   1             1             = 
   159 valoriPerRiga[9,6]
                                   1             1             = 
   160 valoriPerRiga[9,7]
                                   1             1             = 
   161 valoriPerRiga[9,8]
                                   1             1             = 
   162 valoriPerRiga[9,9]
                                   1             1             = 
   163 valoriPerColonna[1,1]
                                   1             1             = 
   164 valoriPerColonna[1,2]
                                   1             1             = 
   165 valoriPerColonna[1,3]
                                   1             1             = 
   166 valoriPerColonna[1,4]
                                   1             1             = 
   167 valoriPerColonna[1,5]
                                   1             1             = 
   168 valoriPerColonna[1,6]
                                   1             1             = 
   169 valoriPerColonna[1,7]
                                   1             1             = 
   170 valoriPerColonna[1,8]
                                   1             1             = 
   171 valoriPerColonna[1,9]
                                   1             1             = 
   172 valoriPerColonna[2,1]
                                   1             1             = 
   173 valoriPerColonna[2,2]
                                   1             1             = 
   174 valoriPerColonna[2,3]
                                   1             1             = 
   175 valoriPerColonna[2,4]
                                   1             1             = 
   176 valoriPerColonna[2,5]
                                   1             1             = 
   177 valoriPerColonna[2,6]
                                   1             1             = 
   178 valoriPerColonna[2,7]
                                   1             1             = 
   179 valoriPerColonna[2,8]
                                   1             1             = 
   180 valoriPerColonna[2,9]
                                   1             1             = 
   181 valoriPerColonna[3,1]
                                   1             1             = 
   182 valoriPerColonna[3,2]
                                   1             1             = 
   183 valoriPerColonna[3,3]
                                   1             1             = 
   184 valoriPerColonna[3,4]
                                   1             1             = 
   185 valoriPerColonna[3,5]
                                   1             1             = 
   186 valoriPerColonna[3,6]
                                   1             1             = 
   187 valoriPerColonna[3,7]
                                   1             1             = 
   188 valoriPerColonna[3,8]
                                   1             1             = 
   189 valoriPerColonna[3,9]
                                   1             1             = 
   190 valoriPerColonna[4,1]
                                   1             1             = 
   191 valoriPerColonna[4,2]
                                   1             1             = 
   192 valoriPerColonna[4,3]
                                   1             1             = 
   193 valoriPerColonna[4,4]
                                   1             1             = 
   194 valoriPerColonna[4,5]
                                   1             1             = 
   195 valoriPerColonna[4,6]
                                   1             1             = 
   196 valoriPerColonna[4,7]
                                   1             1             = 
   197 valoriPerColonna[4,8]
                                   1             1             = 
   198 valoriPerColonna[4,9]
                                   1             1             = 
   199 valoriPerColonna[5,1]
                                   1             1             = 
   200 valoriPerColonna[5,2]
                                   1             1             = 
   201 valoriPerColonna[5,3]
                                   1             1             = 
   202 valoriPerColonna[5,4]
                                   1             1             = 
   203 valoriPerColonna[5,5]
                                   1             1             = 
   204 valoriPerColonna[5,6]
                                   1             1             = 
   205 valoriPerColonna[5,7]
                                   1             1             = 
   206 valoriPerColonna[5,8]
                                   1             1             = 
   207 valoriPerColonna[5,9]
                                   1             1             = 
   208 valoriPerColonna[6,1]
                                   1             1             = 
   209 valoriPerColonna[6,2]
                                   1             1             = 
   210 valoriPerColonna[6,3]
                                   1             1             = 
   211 valoriPerColonna[6,4]
                                   1             1             = 
   212 valoriPerColonna[6,5]
                                   1             1             = 
   213 valoriPerColonna[6,6]
                                   1             1             = 
   214 valoriPerColonna[6,7]
                                   1             1             = 
   215 valoriPerColonna[6,8]
                                   1             1             = 
   216 valoriPerColonna[6,9]
                                   1             1             = 
   217 valoriPerColonna[7,1]
                                   1             1             = 
   218 valoriPerColonna[7,2]
                                   1             1             = 
   219 valoriPerColonna[7,3]
                                   1             1             = 
   220 valoriPerColonna[7,4]
                                   1             1             = 
   221 valoriPerColonna[7,5]
                                   1             1             = 
   222 valoriPerColonna[7,6]
                                   1             1             = 
   223 valoriPerColonna[7,7]
                                   1             1             = 
   224 valoriPerColonna[7,8]
                                   1             1             = 
   225 valoriPerColonna[7,9]
                                   1             1             = 
   226 valoriPerColonna[8,1]
                                   1             1             = 
   227 valoriPerColonna[8,2]
                                   1             1             = 
   228 valoriPerColonna[8,3]
                                   1             1             = 
   229 valoriPerColonna[8,4]
                                   1             1             = 
   230 valoriPerColonna[8,5]
                                   1             1             = 
   231 valoriPerColonna[8,6]
                                   1             1             = 
   232 valoriPerColonna[8,7]
                                   1             1             = 
   233 valoriPerColonna[8,8]
                                   1             1             = 
   234 valoriPerColonna[8,9]
                                   1             1             = 
   235 valoriPerColonna[9,1]
                                   1             1             = 
   236 valoriPerColonna[9,2]
                                   1             1             = 
   237 valoriPerColonna[9,3]
                                   1             1             = 
   238 valoriPerColonna[9,4]
                                   1             1             = 
   239 valoriPerColonna[9,5]
                                   1             1             = 
   240 valoriPerColonna[9,6]
                                   1             1             = 
   241 valoriPerColonna[9,7]
                                   1             1             = 
   242 valoriPerColonna[9,8]
                                   1             1             = 
   243 valoriPerColonna[9,9]
                                   1             1             = 
   244 macroAree[1,1,1]
                                   1             1             = 
   245 macroAree[1,1,2]
                                   1             1             = 
   246 macroAree[1,1,3]
                                   1             1             = 
   247 macroAree[1,1,4]
                                   1             1             = 
   248 macroAree[1,1,5]
                                   1             1             = 
   249 macroAree[1,1,6]
                                   1             1             = 
   250 macroAree[1,1,7]
                                   1             1             = 
   251 macroAree[1,1,8]
                                   1             1             = 
   252 macroAree[1,1,9]
                                   1             1             = 
   253 macroAree[1,2,1]
                                   1             1             = 
   254 macroAree[1,2,2]
                                   1             1             = 
   255 macroAree[1,2,3]
                                   1             1             = 
   256 macroAree[1,2,4]
                                   1             1             = 
   257 macroAree[1,2,5]
                                   1             1             = 
   258 macroAree[1,2,6]
                                   1             1             = 
   259 macroAree[1,2,7]
                                   1             1             = 
   260 macroAree[1,2,8]
                                   1             1             = 
   261 macroAree[1,2,9]
                                   1             1             = 
   262 macroAree[1,3,1]
                                   1             1             = 
   263 macroAree[1,3,2]
                                   1             1             = 
   264 macroAree[1,3,3]
                                   1             1             = 
   265 macroAree[1,3,4]
                                   1             1             = 
   266 macroAree[1,3,5]
                                   1             1             = 
   267 macroAree[1,3,6]
                                   1             1             = 
   268 macroAree[1,3,7]
                                   1             1             = 
   269 macroAree[1,3,8]
                                   1             1             = 
   270 macroAree[1,3,9]
                                   1             1             = 
   271 macroAree[2,1,1]
                                   1             1             = 
   272 macroAree[2,1,2]
                                   1             1             = 
   273 macroAree[2,1,3]
                                   1             1             = 
   274 macroAree[2,1,4]
                                   1             1             = 
   275 macroAree[2,1,5]
                                   1             1             = 
   276 macroAree[2,1,6]
                                   1             1             = 
   277 macroAree[2,1,7]
                                   1             1             = 
   278 macroAree[2,1,8]
                                   1             1             = 
   279 macroAree[2,1,9]
                                   1             1             = 
   280 macroAree[2,2,1]
                                   1             1             = 
   281 macroAree[2,2,2]
                                   1             1             = 
   282 macroAree[2,2,3]
                                   1             1             = 
   283 macroAree[2,2,4]
                                   1             1             = 
   284 macroAree[2,2,5]
                                   1             1             = 
   285 macroAree[2,2,6]
                                   1             1             = 
   286 macroAree[2,2,7]
                                   1             1             = 
   287 macroAree[2,2,8]
                                   1             1             = 
   288 macroAree[2,2,9]
                                   1             1             = 
   289 macroAree[2,3,1]
                                   1             1             = 
   290 macroAree[2,3,2]
                                   1             1             = 
   291 macroAree[2,3,3]
                                   1             1             = 
   292 macroAree[2,3,4]
                                   1             1             = 
   293 macroAree[2,3,5]
                                   1             1             = 
   294 macroAree[2,3,6]
                                   1             1             = 
   295 macroAree[2,3,7]
                                   1             1             = 
   296 macroAree[2,3,8]
                                   1             1             = 
   297 macroAree[2,3,9]
                                   1             1             = 
   298 macroAree[3,1,1]
                                   1             1             = 
   299 macroAree[3,1,2]
                                   1             1             = 
   300 macroAree[3,1,3]
                                   1             1             = 
   301 macroAree[3,1,4]
                                   1             1             = 
   302 macroAree[3,1,5]
                                   1             1             = 
   303 macroAree[3,1,6]
                                   1             1             = 
   304 macroAree[3,1,7]
                                   1             1             = 
   305 macroAree[3,1,8]
                                   1             1             = 
   306 macroAree[3,1,9]
                                   1             1             = 
   307 macroAree[3,2,1]
                                   1             1             = 
   308 macroAree[3,2,2]
                                   1             1             = 
   309 macroAree[3,2,3]
                                   1             1             = 
   310 macroAree[3,2,4]
                                   1             1             = 
   311 macroAree[3,2,5]
                                   1             1             = 
   312 macroAree[3,2,6]
                                   1             1             = 
   313 macroAree[3,2,7]
                                   1             1             = 
   314 macroAree[3,2,8]
                                   1             1             = 
   315 macroAree[3,2,9]
                                   1             1             = 
   316 macroAree[3,3,1]
                                   1             1             = 
   317 macroAree[3,3,2]
                                   1             1             = 
   318 macroAree[3,3,3]
                                   1             1             = 
   319 macroAree[3,3,4]
                                   1             1             = 
   320 macroAree[3,3,5]
                                   1             1             = 
   321 macroAree[3,3,6]
                                   1             1             = 
   322 macroAree[3,3,7]
                                   1             1             = 
   323 macroAree[3,3,8]
                                   1             1             = 
   324 macroAree[3,3,9]
                                   1             1             = 

   No. Column name       Activity     Lower bound   Upper bound
------ ------------    ------------- ------------- -------------
     1 assegnamenti[1,1,1]
                    *              0             0             1 
     2 assegnamenti[1,1,2]
                    *              0             0             1 
     3 assegnamenti[1,1,3]
                    *              0             0             1 
     4 assegnamenti[1,1,4]
                    *              0             0             1 
     5 assegnamenti[1,1,5]
                    *              0             0             1 
     6 assegnamenti[1,1,6]
                    *              0             0             1 
     7 assegnamenti[1,1,7]
                    *              0             0             1 
     8 assegnamenti[1,1,8]
                    *              0             0             1 
     9 assegnamenti[1,1,9]
                    *              1             0             1 
    10 assegnamenti[1,2,1]
                    *              0             0             1 
    11 assegnamenti[1,2,2]
                    *              0             0             1 
    12 assegnamenti[1,2,3]
                    *              0             0             1 
    13 assegnamenti[1,2,4]
                    *              1             0             1 
    14 assegnamenti[1,2,5]
                    *              0             0             1 
    15 assegnamenti[1,2,6]
                    *              0             0             1 
    16 assegnamenti[1,2,7]
                    *              0             0             1 
    17 assegnamenti[1,2,8]
                    *              0             0             1 
    18 assegnamenti[1,2,9]
                    *              0             0             1 
    19 assegnamenti[1,3,1]
                    *              0             0             1 
    20 assegnamenti[1,3,2]
                    *              0             0             1 
    21 assegnamenti[1,3,3]
                    *              0             0             1 
    22 assegnamenti[1,3,4]
                    *              0             0             1 
    23 assegnamenti[1,3,5]
                    *              0             0             1 
    24 assegnamenti[1,3,6]
                    *              0             0             1 
    25 assegnamenti[1,3,7]
                    *              0             0             1 
    26 assegnamenti[1,3,8]
                    *              1             0             1 
    27 assegnamenti[1,3,9]
                    *              0             0             1 
    28 assegnamenti[1,4,1]
                    *              1             0             1 
    29 assegnamenti[1,4,2]
                    *              0             0             1 
    30 assegnamenti[1,4,3]
                    *              0             0             1 
    31 assegnamenti[1,4,4]
                    *              0             0             1 
    32 assegnamenti[1,4,5]
                    *              0             0             1 
    33 assegnamenti[1,4,6]
                    *              0             0             1 
    34 assegnamenti[1,4,7]
                    *              0             0             1 
    35 assegnamenti[1,4,8]
                    *              0             0             1 
    36 assegnamenti[1,4,9]
                    *              0             0             1 
    37 assegnamenti[1,5,1]
                    *              0             0             1 
    38 assegnamenti[1,5,2]
                    *              0             0             1 
    39 assegnamenti[1,5,3]
                    *              0             0             1 
    40 assegnamenti[1,5,4]
                    *              0             0             1 
    41 assegnamenti[1,5,5]
                    *              0             0             1 
    42 assegnamenti[1,5,6]
                    *              0             0             1 
    43 assegnamenti[1,5,7]
                    *              1             0             1 
    44 assegnamenti[1,5,8]
                    *              0             0             1 
    45 assegnamenti[1,5,9]
                    *              0             0             1 
    46 assegnamenti[1,6,1]
                    *              0             0             1 
    47 assegnamenti[1,6,2]
                    *              0             0             1 
    48 assegnamenti[1,6,3]
                    *              1             0             1 
    49 assegnamenti[1,6,4]
                    *              0             0             1 
    50 assegnamenti[1,6,5]
                    *              0             0             1 
    51 assegnamenti[1,6,6]
                    *              0             0             1 
    52 assegnamenti[1,6,7]
                    *              0             0             1 
    53 assegnamenti[1,6,8]
                    *              0             0             1 
    54 assegnamenti[1,6,9]
                    *              0             0             1 
    55 assegnamenti[1,7,1]
                    *              0             0             1 
    56 assegnamenti[1,7,2]
                    *              0             0             1 
    57 assegnamenti[1,7,3]
                    *              0             0             1 
    58 assegnamenti[1,7,4]
                    *              0             0             1 
    59 assegnamenti[1,7,5]
                    *              0             0             1 
    60 assegnamenti[1,7,6]
                    *              1             0             1 
    61 assegnamenti[1,7,7]
                    *              0             0             1 
    62 assegnamenti[1,7,8]
                    *              0             0             1 
    63 assegnamenti[1,7,9]
                    *              0             0             1 
    64 assegnamenti[1,8,1]
                    *              0             0             1 
    65 assegnamenti[1,8,2]
                    *              0             0             1 
    66 assegnamenti[1,8,3]
                    *              0             0             1 
    67 assegnamenti[1,8,4]
                    *              0             0             1 
    68 assegnamenti[1,8,5]
                    *              1             0             1 
    69 assegnamenti[1,8,6]
                    *              0             0             1 
    70 assegnamenti[1,8,7]
                    *              0             0             1 
    71 assegnamenti[1,8,8]
                    *              0             0             1 
    72 assegnamenti[1,8,9]
                    *              0             0             1 
    73 assegnamenti[1,9,1]
                    *              0             0             1 
    74 assegnamenti[1,9,2]
                    *              1             0             1 
    75 assegnamenti[1,9,3]
                    *              0             0             1 
    76 assegnamenti[1,9,4]
                    *              0             0             1 
    77 assegnamenti[1,9,5]
                    *              0             0             1 
    78 assegnamenti[1,9,6]
                    *              0             0             1 
    79 assegnamenti[1,9,7]
                    *              0             0             1 
    80 assegnamenti[1,9,8]
                    *              0             0             1 
    81 assegnamenti[1,9,9]
                    *              0             0             1 
    82 assegnamenti[2,1,1]
                    *              0             0             1 
    83 assegnamenti[2,1,2]
                    *              0             0             1 
    84 assegnamenti[2,1,3]
                    *              0             0             1 
    85 assegnamenti[2,1,4]
                    *              0             0             1 
    86 assegnamenti[2,1,5]
                    *              0             0             1 
    87 assegnamenti[2,1,6]
                    *              1             0             1 
    88 assegnamenti[2,1,7]
                    *              0             0             1 
    89 assegnamenti[2,1,8]
                    *              0             0             1 
    90 assegnamenti[2,1,9]
                    *              0             0             1 
    91 assegnamenti[2,2,1]
                    *              0             0             1 
    92 assegnamenti[2,2,2]
                    *              0             0             1 
    93 assegnamenti[2,2,3]
                    *              0             0             1 
    94 assegnamenti[2,2,4]
                    *              0             0             1 
    95 assegnamenti[2,2,5]
                    *              1             0             1 
    96 assegnamenti[2,2,6]
                    *              0             0             1 
    97 assegnamenti[2,2,7]
                    *              0             0             1 
    98 assegnamenti[2,2,8]
                    *              0             0             1 
    99 assegnamenti[2,2,9]
                    *              0             0             1 
   100 assegnamenti[2,3,1]
                    *              0             0             1 
   101 assegnamenti[2,3,2]
                    *              0             0             1 
   102 assegnamenti[2,3,3]
                    *              0             0             1 
   103 assegnamenti[2,3,4]
                    *              0             0             1 
   104 assegnamenti[2,3,5]
                    *              0             0             1 
   105 assegnamenti[2,3,6]
                    *              0             0             1 
   106 assegnamenti[2,3,7]
                    *              1             0             1 
   107 assegnamenti[2,3,8]
                    *              0             0             1 
   108 assegnamenti[2,3,9]
                    *              0             0             1 
   109 assegnamenti[2,4,1]
                    *              0             0             1 
   110 assegnamenti[2,4,2]
                    *              1             0             1 
   111 assegnamenti[2,4,3]
                    *              0             0             1 
   112 assegnamenti[2,4,4]
                    *              0             0             1 
   113 assegnamenti[2,4,5]
                    *              0             0             1 
   114 assegnamenti[2,4,6]
                    *              0             0             1 
   115 assegnamenti[2,4,7]
                    *              0             0             1 
   116 assegnamenti[2,4,8]
                    *              0             0             1 
   117 assegnamenti[2,4,9]
                    *              0             0             1 
   118 assegnamenti[2,5,1]
                    *              0             0             1 
   119 assegnamenti[2,5,2]
                    *              0             0             1 
   120 assegnamenti[2,5,3]
                    *              0             0             1 
   121 assegnamenti[2,5,4]
                    *              0             0             1 
   122 assegnamenti[2,5,5]
                    *              0             0             1 
   123 assegnamenti[2,5,6]
                    *              0             0             1 
   124 assegnamenti[2,5,7]
                    *              0             0             1 
   125 assegnamenti[2,5,8]
                    *              1             0             1 
   126 assegnamenti[2,5,9]
                    *              0             0             1 
   127 assegnamenti[2,6,1]
                    *              0             0             1 
   128 assegnamenti[2,6,2]
                    *              0             0             1 
   129 assegnamenti[2,6,3]
                    *              0             0             1 
   130 assegnamenti[2,6,4]
                    *              0             0             1 
   131 assegnamenti[2,6,5]
                    *              0             0             1 
   132 assegnamenti[2,6,6]
                    *              0             0             1 
   133 assegnamenti[2,6,7]
                    *              0             0             1 
   134 assegnamenti[2,6,8]
                    *              0             0             1 
   135 assegnamenti[2,6,9]
                    *              1             0             1 
   136 assegnamenti[2,7,1]
                    *              1             0             1 
   137 assegnamenti[2,7,2]
                    *              0             0             1 
   138 assegnamenti[2,7,3]
                    *              0             0             1 
   139 assegnamenti[2,7,4]
                    *              0             0             1 
   140 assegnamenti[2,7,5]
                    *              0             0             1 
   141 assegnamenti[2,7,6]
                    *              0             0             1 
   142 assegnamenti[2,7,7]
                    *              0             0             1 
   143 assegnamenti[2,7,8]
                    *              0             0             1 
   144 assegnamenti[2,7,9]
                    *              0             0             1 
   145 assegnamenti[2,8,1]
                    *              0             0             1 
   146 assegnamenti[2,8,2]
                    *              0             0             1 
   147 assegnamenti[2,8,3]
                    *              1             0             1 
   148 assegnamenti[2,8,4]
                    *              0             0             1 
   149 assegnamenti[2,8,5]
                    *              0             0             1 
   150 assegnamenti[2,8,6]
                    *              0             0             1 
   151 assegnamenti[2,8,7]
                    *              0             0             1 
   152 assegnamenti[2,8,8]
                    *              0             0             1 
   153 assegnamenti[2,8,9]
                    *              0             0             1 
   154 assegnamenti[2,9,1]
                    *              0             0             1 
   155 assegnamenti[2,9,2]
                    *              0             0             1 
   156 assegnamenti[2,9,3]
                    *              0             0             1 
   157 assegnamenti[2,9,4]
                    *              1             0             1 
   158 assegnamenti[2,9,5]
                    *              0             0             1 
   159 assegnamenti[2,9,6]
                    *              0             0             1 
   160 assegnamenti[2,9,7]
                    *              0             0             1 
   161 assegnamenti[2,9,8]
                    *              0             0             1 
   162 assegnamenti[2,9,9]
                    *              0             0             1 
   163 assegnamenti[3,1,1]
                    *              0             0             1 
   164 assegnamenti[3,1,2]
                    *              0             0             1 
   165 assegnamenti[3,1,3]
                    *              1             0             1 
   166 assegnamenti[3,1,4]
                    *              0             0             1 
   167 assegnamenti[3,1,5]
                    *              0             0             1 
   168 assegnamenti[3,1,6]
                    *              0             0             1 
   169 assegnamenti[3,1,7]
                    *              0             0             1 
   170 assegnamenti[3,1,8]
                    *              0             0             1 
   171 assegnamenti[3,1,9]
                    *              0             0             1 
   172 assegnamenti[3,2,1]
                    *              0             0             1 
   173 assegnamenti[3,2,2]
                    *              1             0             1 
   174 assegnamenti[3,2,3]
                    *              0             0             1 
   175 assegnamenti[3,2,4]
                    *              0             0             1 
   176 assegnamenti[3,2,5]
                    *              0             0             1 
   177 assegnamenti[3,2,6]
                    *              0             0             1 
   178 assegnamenti[3,2,7]
                    *              0             0             1 
   179 assegnamenti[3,2,8]
                    *              0             0             1 
   180 assegnamenti[3,2,9]
                    *              0             0             1 
   181 assegnamenti[3,3,1]
                    *              1             0             1 
   182 assegnamenti[3,3,2]
                    *              0             0             1 
   183 assegnamenti[3,3,3]
                    *              0             0             1 
   184 assegnamenti[3,3,4]
                    *              0             0             1 
   185 assegnamenti[3,3,5]
                    *              0             0             1 
   186 assegnamenti[3,3,6]
                    *              0             0             1 
   187 assegnamenti[3,3,7]
                    *              0             0             1 
   188 assegnamenti[3,3,8]
                    *              0             0             1 
   189 assegnamenti[3,3,9]
                    *              0             0             1 
   190 assegnamenti[3,4,1]
                    *              0             0             1 
   191 assegnamenti[3,4,2]
                    *              0             0             1 
   192 assegnamenti[3,4,3]
                    *              0             0             1 
   193 assegnamenti[3,4,4]
                    *              1             0             1 
   194 assegnamenti[3,4,5]
                    *              0             0             1 
   195 assegnamenti[3,4,6]
                    *              0             0             1 
   196 assegnamenti[3,4,7]
                    *              0             0             1 
   197 assegnamenti[3,4,8]
                    *              0             0             1 
   198 assegnamenti[3,4,9]
                    *              0             0             1 
   199 assegnamenti[3,5,1]
                    *              0             0             1 
   200 assegnamenti[3,5,2]
                    *              0             0             1 
   201 assegnamenti[3,5,3]
                    *              0             0             1 
   202 assegnamenti[3,5,4]
                    *              0             0             1 
   203 assegnamenti[3,5,5]
                    *              1             0             1 
   204 assegnamenti[3,5,6]
                    *              0             0             1 
   205 assegnamenti[3,5,7]
                    *              0             0             1 
   206 assegnamenti[3,5,8]
                    *              0             0             1 
   207 assegnamenti[3,5,9]
                    *              0             0             1 
   208 assegnamenti[3,6,1]
                    *              0             0             1 
   209 assegnamenti[3,6,2]
                    *              0             0             1 
   210 assegnamenti[3,6,3]
                    *              0             0             1 
   211 assegnamenti[3,6,4]
                    *              0             0             1 
   212 assegnamenti[3,6,5]
                    *              0             0             1 
   213 assegnamenti[3,6,6]
                    *              1             0             1 
   214 assegnamenti[3,6,7]
                    *              0             0             1 
   215 assegnamenti[3,6,8]
                    *              0             0             1 
   216 assegnamenti[3,6,9]
                    *              0             0             1 
   217 assegnamenti[3,7,1]
                    *              0             0             1 
   218 assegnamenti[3,7,2]
                    *              0             0             1 
   219 assegnamenti[3,7,3]
                    *              0             0             1 
   220 assegnamenti[3,7,4]
                    *              0             0             1 
   221 assegnamenti[3,7,5]
                    *              0             0             1 
   222 assegnamenti[3,7,6]
                    *              0             0             1 
   223 assegnamenti[3,7,7]
                    *              0             0             1 
   224 assegnamenti[3,7,8]
                    *              1             0             1 
   225 assegnamenti[3,7,9]
                    *              0             0             1 
   226 assegnamenti[3,8,1]
                    *              0             0             1 
   227 assegnamenti[3,8,2]
                    *              0             0             1 
   228 assegnamenti[3,8,3]
                    *              0             0             1 
   229 assegnamenti[3,8,4]
                    *              0             0             1 
   230 assegnamenti[3,8,5]
                    *              0             0             1 
   231 assegnamenti[3,8,6]
                    *              0             0             1 
   232 assegnamenti[3,8,7]
                    *              1             0             1 
   233 assegnamenti[3,8,8]
                    *              0             0             1 
   234 assegnamenti[3,8,9]
                    *              0             0             1 
   235 assegnamenti[3,9,1]
                    *              0             0             1 
   236 assegnamenti[3,9,2]
                    *              0             0             1 
   237 assegnamenti[3,9,3]
                    *              0             0             1 
   238 assegnamenti[3,9,4]
                    *              0             0             1 
   239 assegnamenti[3,9,5]
                    *              0             0             1 
   240 assegnamenti[3,9,6]
                    *              0             0             1 
   241 assegnamenti[3,9,7]
                    *              0             0             1 
   242 assegnamenti[3,9,8]
                    *              0             0             1 
   243 assegnamenti[3,9,9]
                    *              1             0             1 
   244 assegnamenti[4,1,1]
                    *              1             0             1 
   245 assegnamenti[4,1,2]
                    *              0             0             1 
   246 assegnamenti[4,1,3]
                    *              0             0             1 
   247 assegnamenti[4,1,4]
                    *              0             0             1 
   248 assegnamenti[4,1,5]
                    *              0             0             1 
   249 assegnamenti[4,1,6]
                    *              0             0             1 
   250 assegnamenti[4,1,7]
                    *              0             0             1 
   251 assegnamenti[4,1,8]
                    *              0             0             1 
   252 assegnamenti[4,1,9]
                    *              0             0             1 
   253 assegnamenti[4,2,1]
                    *              0             0             1 
   254 assegnamenti[4,2,2]
                    *              0             0             1 
   255 assegnamenti[4,2,3]
                    *              0             0             1 
   256 assegnamenti[4,2,4]
                    *              0             0             1 
   257 assegnamenti[4,2,5]
                    *              0             0             1 
   258 assegnamenti[4,2,6]
                    *              1             0             1 
   259 assegnamenti[4,2,7]
                    *              0             0             1 
   260 assegnamenti[4,2,8]
                    *              0             0             1 
   261 assegnamenti[4,2,9]
                    *              0             0             1 
   262 assegnamenti[4,3,1]
                    *              0             0             1 
   263 assegnamenti[4,3,2]
                    *              1             0             1 
   264 assegnamenti[4,3,3]
                    *              0             0             1 
   265 assegnamenti[4,3,4]
                    *              0             0             1 
   266 assegnamenti[4,3,5]
                    *              0             0             1 
   267 assegnamenti[4,3,6]
                    *              0             0             1 
   268 assegnamenti[4,3,7]
                    *              0             0             1 
   269 assegnamenti[4,3,8]
                    *              0             0             1 
   270 assegnamenti[4,3,9]
                    *              0             0             1 
   271 assegnamenti[4,4,1]
                    *              0             0             1 
   272 assegnamenti[4,4,2]
                    *              0             0             1 
   273 assegnamenti[4,4,3]
                    *              0             0             1 
   274 assegnamenti[4,4,4]
                    *              0             0             1 
   275 assegnamenti[4,4,5]
                    *              0             0             1 
   276 assegnamenti[4,4,6]
                    *              0             0             1 
   277 assegnamenti[4,4,7]
                    *              0             0             1 
   278 assegnamenti[4,4,8]
                    *              1             0             1 
   279 assegnamenti[4,4,9]
                    *              0             0             1 
   280 assegnamenti[4,5,1]
                    *              0             0             1 
   281 assegnamenti[4,5,2]
                    *              0             0             1 
   282 assegnamenti[4,5,3]
                    *              1             0             1 
   283 assegnamenti[4,5,4]
                    *              0             0             1 
   284 assegnamenti[4,5,5]
                    *              0             0             1 
   285 assegnamenti[4,5,6]
                    *              0             0             1 
   286 assegnamenti[4,5,7]
                    *              0             0             1 
   287 assegnamenti[4,5,8]
                    *              0             0             1 
   288 assegnamenti[4,5,9]
                    *              0             0             1 
   289 assegnamenti[4,6,1]
                    *              0             0             1 
   290 assegnamenti[4,6,2]
                    *              0             0             1 
   291 assegnamenti[4,6,3]
                    *              0             0             1 
   292 assegnamenti[4,6,4]
                    *              0             0             1 
   293 assegnamenti[4,6,5]
                    *              1             0             1 
   294 assegnamenti[4,6,6]
                    *              0             0             1 
   295 assegnamenti[4,6,7]
                    *              0             0             1 
   296 assegnamenti[4,6,8]
                    *              0             0             1 
   297 assegnamenti[4,6,9]
                    *              0             0             1 
   298 assegnamenti[4,7,1]
                    *              0             0             1 
   299 assegnamenti[4,7,2]
                    *              0             0             1 
   300 assegnamenti[4,7,3]
                    *              0             0             1 
   301 assegnamenti[4,7,4]
                    *              1             0             1 
   302 assegnamenti[4,7,5]
                    *              0             0             1 
   303 assegnamenti[4,7,6]
                    *              0             0             1 
   304 assegnamenti[4,7,7]
                    *              0             0             1 
   305 assegnamenti[4,7,8]
                    *              0             0             1 
   306 assegnamenti[4,7,9]
                    *              0             0             1 
   307 assegnamenti[4,8,1]
                    *              0             0             1 
   308 assegnamenti[4,8,2]
                    *              0             0             1 
   309 assegnamenti[4,8,3]
                    *              0             0             1 
   310 assegnamenti[4,8,4]
                    *              0             0             1 
   311 assegnamenti[4,8,5]
                    *              0             0             1 
   312 assegnamenti[4,8,6]
                    *              0             0             1 
   313 assegnamenti[4,8,7]
                    *              0             0             1 
   314 assegnamenti[4,8,8]
                    *              0             0             1 
   315 assegnamenti[4,8,9]
                    *              1             0             1 
   316 assegnamenti[4,9,1]
                    *              0             0             1 
   317 assegnamenti[4,9,2]
                    *              0             0             1 
   318 assegnamenti[4,9,3]
                    *              0             0             1 
   319 assegnamenti[4,9,4]
                    *              0             0             1 
   320 assegnamenti[4,9,5]
                    *              0             0             1 
   321 assegnamenti[4,9,6]
                    *              0             0             1 
   322 assegnamenti[4,9,7]
                    *              1             0             1 
   323 assegnamenti[4,9,8]
                    *              0             0             1 
   324 assegnamenti[4,9,9]
                    *              0             0             1 
   325 assegnamenti[5,1,1]
                    *              0             0             1 
   326 assegnamenti[5,1,2]
                    *              0             0             1 
   327 assegnamenti[5,1,3]
                    *              0             0             1 
   328 assegnamenti[5,1,4]
                    *              0             0             1 
   329 assegnamenti[5,1,5]
                    *              0             0             1 
   330 assegnamenti[5,1,6]
                    *              0             0             1 
   331 assegnamenti[5,1,7]
                    *              0             0             1 
   332 assegnamenti[5,1,8]
                    *              1             0             1 
   333 assegnamenti[5,1,9]
                    *              0             0             1 
   334 assegnamenti[5,2,1]
                    *              0             0             1 
   335 assegnamenti[5,2,2]
                    *              0             0             1 
   336 assegnamenti[5,2,3]
                    *              0             0             1 
   337 assegnamenti[5,2,4]
                    *              0             0             1 
   338 assegnamenti[5,2,5]
                    *              0             0             1 
   339 assegnamenti[5,2,6]
                    *              0             0             1 
   340 assegnamenti[5,2,7]
                    *              0             0             1 
   341 assegnamenti[5,2,8]
                    *              0             0             1 
   342 assegnamenti[5,2,9]
                    *              1             0             1 
   343 assegnamenti[5,3,1]
                    *              0             0             1 
   344 assegnamenti[5,3,2]
                    *              0             0             1 
   345 assegnamenti[5,3,3]
                    *              0             0             1 
   346 assegnamenti[5,3,4]
                    *              1             0             1 
   347 assegnamenti[5,3,5]
                    *              0             0             1 
   348 assegnamenti[5,3,6]
                    *              0             0             1 
   349 assegnamenti[5,3,7]
                    *              0             0             1 
   350 assegnamenti[5,3,8]
                    *              0             0             1 
   351 assegnamenti[5,3,9]
                    *              0             0             1 
   352 assegnamenti[5,4,1]
                    *              0             0             1 
   353 assegnamenti[5,4,2]
                    *              0             0             1 
   354 assegnamenti[5,4,3]
                    *              0             0             1 
   355 assegnamenti[5,4,4]
                    *              0             0             1 
   356 assegnamenti[5,4,5]
                    *              0             0             1 
   357 assegnamenti[5,4,6]
                    *              0             0             1 
   358 assegnamenti[5,4,7]
                    *              1             0             1 
   359 assegnamenti[5,4,8]
                    *              0             0             1 
   360 assegnamenti[5,4,9]
                    *              0             0             1 
   361 assegnamenti[5,5,1]
                    *              1             0             1 
   362 assegnamenti[5,5,2]
                    *              0             0             1 
   363 assegnamenti[5,5,3]
                    *              0             0             1 
   364 assegnamenti[5,5,4]
                    *              0             0             1 
   365 assegnamenti[5,5,5]
                    *              0             0             1 
   366 assegnamenti[5,5,6]
                    *              0             0             1 
   367 assegnamenti[5,5,7]
                    *              0             0             1 
   368 assegnamenti[5,5,8]
                    *              0             0             1 
   369 assegnamenti[5,5,9]
                    *              0             0             1 
   370 assegnamenti[5,6,1]
                    *              0             0             1 
   371 assegnamenti[5,6,2]
                    *              1             0             1 
   372 assegnamenti[5,6,3]
                    *              0             0             1 
   373 assegnamenti[5,6,4]
                    *              0             0             1 
   374 assegnamenti[5,6,5]
                    *              0             0             1 
   375 assegnamenti[5,6,6]
                    *              0             0             1 
   376 assegnamenti[5,6,7]
                    *              0             0             1 
   377 assegnamenti[5,6,8]
                    *              0             0             1 
   378 assegnamenti[5,6,9]
                    *              0             0             1 
   379 assegnamenti[5,7,1]
                    *              0             0             1 
   380 assegnamenti[5,7,2]
                    *              0             0             1 
   381 assegnamenti[5,7,3]
                    *              0             0             1 
   382 assegnamenti[5,7,4]
                    *              0             0             1 
   383 assegnamenti[5,7,5]
                    *              1             0             1 
   384 assegnamenti[5,7,6]
                    *              0             0             1 
   385 assegnamenti[5,7,7]
                    *              0             0             1 
   386 assegnamenti[5,7,8]
                    *              0             0             1 
   387 assegnamenti[5,7,9]
                    *              0             0             1 
   388 assegnamenti[5,8,1]
                    *              0             0             1 
   389 assegnamenti[5,8,2]
                    *              0             0             1 
   390 assegnamenti[5,8,3]
                    *              0             0             1 
   391 assegnamenti[5,8,4]
                    *              0             0             1 
   392 assegnamenti[5,8,5]
                    *              0             0             1 
   393 assegnamenti[5,8,6]
                    *              1             0             1 
   394 assegnamenti[5,8,7]
                    *              0             0             1 
   395 assegnamenti[5,8,8]
                    *              0             0             1 
   396 assegnamenti[5,8,9]
                    *              0             0             1 
   397 assegnamenti[5,9,1]
                    *              0             0             1 
   398 assegnamenti[5,9,2]
                    *              0             0             1 
   399 assegnamenti[5,9,3]
                    *              1             0             1 
   400 assegnamenti[5,9,4]
                    *              0             0             1 
   401 assegnamenti[5,9,5]
                    *              0             0             1 
   402 assegnamenti[5,9,6]
                    *              0             0             1 
   403 assegnamenti[5,9,7]
                    *              0             0             1 
   404 assegnamenti[5,9,8]
                    *              0             0             1 
   405 assegnamenti[5,9,9]
                    *              0             0             1 
   406 assegnamenti[6,1,1]
                    *              0             0             1 
   407 assegnamenti[6,1,2]
                    *              0             0             1 
   408 assegnamenti[6,1,3]
                    *              0             0             1 
   409 assegnamenti[6,1,4]
                    *              0             0             1 
   410 assegnamenti[6,1,5]
                    *              1             0             1 
   411 assegnamenti[6,1,6]
                    *              0             0             1 
   412 assegnamenti[6,1,7]
                    *              0             0             1 
   413 assegnamenti[6,1,8]
                    *              0             0             1 
   414 assegnamenti[6,1,9]
                    *              0             0             1 
   415 assegnamenti[6,2,1]
                    *              0             0             1 
   416 assegnamenti[6,2,2]
                    *              0             0             1 
   417 assegnamenti[6,2,3]
                    *              0             0             1 
   418 assegnamenti[6,2,4]
                    *              0             0             1 
   419 assegnamenti[6,2,5]
                    *              0             0             1 
   420 assegnamenti[6,2,6]
                    *              0             0             1 
   421 assegnamenti[6,2,7]
                    *              1             0             1 
   422 assegnamenti[6,2,8]
                    *              0             0             1 
   423 assegnamenti[6,2,9]
                    *              0             0             1 
   424 assegnamenti[6,3,1]
                    *              0             0             1 
   425 assegnamenti[6,3,2]
                    *              0             0             1 
   426 assegnamenti[6,3,3]
                    *              1             0             1 
   427 assegnamenti[6,3,4]
                    *              0             0             1 
   428 assegnamenti[6,3,5]
                    *              0             0             1 
   429 assegnamenti[6,3,6]
                    *              0             0             1 
   430 assegnamenti[6,3,7]
                    *              0             0             1 
   431 assegnamenti[6,3,8]
                    *              0             0             1 
   432 assegnamenti[6,3,9]
                    *              0             0             1 
   433 assegnamenti[6,4,1]
                    *              0             0             1 
   434 assegnamenti[6,4,2]
                    *              0             0             1 
   435 assegnamenti[6,4,3]
                    *              0             0             1 
   436 assegnamenti[6,4,4]
                    *              0             0             1 
   437 assegnamenti[6,4,5]
                    *              0             0             1 
   438 assegnamenti[6,4,6]
                    *              1             0             1 
   439 assegnamenti[6,4,7]
                    *              0             0             1 
   440 assegnamenti[6,4,8]
                    *              0             0             1 
   441 assegnamenti[6,4,9]
                    *              0             0             1 
   442 assegnamenti[6,5,1]
                    *              0             0             1 
   443 assegnamenti[6,5,2]
                    *              0             0             1 
   444 assegnamenti[6,5,3]
                    *              0             0             1 
   445 assegnamenti[6,5,4]
                    *              0             0             1 
   446 assegnamenti[6,5,5]
                    *              0             0             1 
   447 assegnamenti[6,5,6]
                    *              0             0             1 
   448 assegnamenti[6,5,7]
                    *              0             0             1 
   449 assegnamenti[6,5,8]
                    *              0             0             1 
   450 assegnamenti[6,5,9]
                    *              1             0             1 
   451 assegnamenti[6,6,1]
                    *              0             0             1 
   452 assegnamenti[6,6,2]
                    *              0             0             1 
   453 assegnamenti[6,6,3]
                    *              0             0             1 
   454 assegnamenti[6,6,4]
                    *              1             0             1 
   455 assegnamenti[6,6,5]
                    *              0             0             1 
   456 assegnamenti[6,6,6]
                    *              0             0             1 
   457 assegnamenti[6,6,7]
                    *              0             0             1 
   458 assegnamenti[6,6,8]
                    *              0             0             1 
   459 assegnamenti[6,6,9]
                    *              0             0             1 
   460 assegnamenti[6,7,1]
                    *              0             0             1 
   461 assegnamenti[6,7,2]
                    *              1             0             1 
   462 assegnamenti[6,7,3]
                    *              0             0             1 
   463 assegnamenti[6,7,4]
                    *              0             0             1 
   464 assegnamenti[6,7,5]
                    *              0             0             1 
   465 assegnamenti[6,7,6]
                    *              0             0             1 
   466 assegnamenti[6,7,7]
                    *              0             0             1 
   467 assegnamenti[6,7,8]
                    *              0             0             1 
   468 assegnamenti[6,7,9]
                    *              0             0             1 
   469 assegnamenti[6,8,1]
                    *              0             0             1 
   470 assegnamenti[6,8,2]
                    *              0             0             1 
   471 assegnamenti[6,8,3]
                    *              0             0             1 
   472 assegnamenti[6,8,4]
                    *              0             0             1 
   473 assegnamenti[6,8,5]
                    *              0             0             1 
   474 assegnamenti[6,8,6]
                    *              0             0             1 
   475 assegnamenti[6,8,7]
                    *              0             0             1 
   476 assegnamenti[6,8,8]
                    *              1             0             1 
   477 assegnamenti[6,8,9]
                    *              0             0             1 
   478 assegnamenti[6,9,1]
                    *              1             0             1 
   479 assegnamenti[6,9,2]
                    *              0             0             1 
   480 assegnamenti[6,9,3]
                    *              0             0             1 
   481 assegnamenti[6,9,4]
                    *              0             0             1 
   482 assegnamenti[6,9,5]
                    *              0             0             1 
   483 assegnamenti[6,9,6]
                    *              0             0             1 
   484 assegnamenti[6,9,7]
                    *              0             0             1 
   485 assegnamenti[6,9,8]
                    *              0             0             1 
   486 assegnamenti[6,9,9]
                    *              0             0             1 
   487 assegnamenti[7,1,1]
                    *              0             0             1 
   488 assegnamenti[7,1,2]
                    *              1             0             1 
   489 assegnamenti[7,1,3]
                    *              0             0             1 
   490 assegnamenti[7,1,4]
                    *              0             0             1 
   491 assegnamenti[7,1,5]
                    *              0             0             1 
   492 assegnamenti[7,1,6]
                    *              0             0             1 
   493 assegnamenti[7,1,7]
                    *              0             0             1 
   494 assegnamenti[7,1,8]
                    *              0             0             1 
   495 assegnamenti[7,1,9]
                    *              0             0             1 
   496 assegnamenti[7,2,1]
                    *              0             0             1 
   497 assegnamenti[7,2,2]
                    *              0             0             1 
   498 assegnamenti[7,2,3]
                    *              1             0             1 
   499 assegnamenti[7,2,4]
                    *              0             0             1 
   500 assegnamenti[7,2,5]
                    *              0             0             1 
   501 assegnamenti[7,2,6]
                    *              0             0             1 
   502 assegnamenti[7,2,7]
                    *              0             0             1 
   503 assegnamenti[7,2,8]
                    *              0             0             1 
   504 assegnamenti[7,2,9]
                    *              0             0             1 
   505 assegnamenti[7,3,1]
                    *              0             0             1 
   506 assegnamenti[7,3,2]
                    *              0             0             1 
   507 assegnamenti[7,3,3]
                    *              0             0             1 
   508 assegnamenti[7,3,4]
                    *              0             0             1 
   509 assegnamenti[7,3,5]
                    *              0             0             1 
   510 assegnamenti[7,3,6]
                    *              0             0             1 
   511 assegnamenti[7,3,7]
                    *              0             0             1 
   512 assegnamenti[7,3,8]
                    *              0             0             1 
   513 assegnamenti[7,3,9]
                    *              1             0             1 
   514 assegnamenti[7,4,1]
                    *              0             0             1 
   515 assegnamenti[7,4,2]
                    *              0             0             1 
   516 assegnamenti[7,4,3]
                    *              0             0             1 
   517 assegnamenti[7,4,4]
                    *              0             0             1 
   518 assegnamenti[7,4,5]
                    *              1             0             1 
   519 assegnamenti[7,4,6]
                    *              0             0             1 
   520 assegnamenti[7,4,7]
                    *              0             0             1 
   521 assegnamenti[7,4,8]
                    *              0             0             1 
   522 assegnamenti[7,4,9]
                    *              0             0             1 
   523 assegnamenti[7,5,1]
                    *              0             0             1 
   524 assegnamenti[7,5,2]
                    *              0             0             1 
   525 assegnamenti[7,5,3]
                    *              0             0             1 
   526 assegnamenti[7,5,4]
                    *              1             0             1 
   527 assegnamenti[7,5,5]
                    *              0             0             1 
   528 assegnamenti[7,5,6]
                    *              0             0             1 
   529 assegnamenti[7,5,7]
                    *              0             0             1 
   530 assegnamenti[7,5,8]
                    *              0             0             1 
   531 assegnamenti[7,5,9]
                    *              0             0             1 
   532 assegnamenti[7,6,1]
                    *              0             0             1 
   533 assegnamenti[7,6,2]
                    *              0             0             1 
   534 assegnamenti[7,6,3]
                    *              0             0             1 
   535 assegnamenti[7,6,4]
                    *              0             0             1 
   536 assegnamenti[7,6,5]
                    *              0             0             1 
   537 assegnamenti[7,6,6]
                    *              0             0             1 
   538 assegnamenti[7,6,7]
                    *              0             0             1 
   539 assegnamenti[7,6,8]
                    *              1             0             1 
   540 assegnamenti[7,6,9]
                    *              0             0             1 
   541 assegnamenti[7,7,1]
                    *              0             0             1 
   542 assegnamenti[7,7,2]
                    *              0             0             1 
   543 assegnamenti[7,7,3]
                    *              0             0             1 
   544 assegnamenti[7,7,4]
                    *              0             0             1 
   545 assegnamenti[7,7,5]
                    *              0             0             1 
   546 assegnamenti[7,7,6]
                    *              0             0             1 
   547 assegnamenti[7,7,7]
                    *              1             0             1 
   548 assegnamenti[7,7,8]
                    *              0             0             1 
   549 assegnamenti[7,7,9]
                    *              0             0             1 
   550 assegnamenti[7,8,1]
                    *              1             0             1 
   551 assegnamenti[7,8,2]
                    *              0             0             1 
   552 assegnamenti[7,8,3]
                    *              0             0             1 
   553 assegnamenti[7,8,4]
                    *              0             0             1 
   554 assegnamenti[7,8,5]
                    *              0             0             1 
   555 assegnamenti[7,8,6]
                    *              0             0             1 
   556 assegnamenti[7,8,7]
                    *              0             0             1 
   557 assegnamenti[7,8,8]
                    *              0             0             1 
   558 assegnamenti[7,8,9]
                    *              0             0             1 
   559 assegnamenti[7,9,1]
                    *              0             0             1 
   560 assegnamenti[7,9,2]
                    *              0             0             1 
   561 assegnamenti[7,9,3]
                    *              0             0             1 
   562 assegnamenti[7,9,4]
                    *              0             0             1 
   563 assegnamenti[7,9,5]
                    *              0             0             1 
   564 assegnamenti[7,9,6]
                    *              1             0             1 
   565 assegnamenti[7,9,7]
                    *              0             0             1 
   566 assegnamenti[7,9,8]
                    *              0             0             1 
   567 assegnamenti[7,9,9]
                    *              0             0             1 
   568 assegnamenti[8,1,1]
                    *              0             0             1 
   569 assegnamenti[8,1,2]
                    *              0             0             1 
   570 assegnamenti[8,1,3]
                    *              0             0             1 
   571 assegnamenti[8,1,4]
                    *              1             0             1 
   572 assegnamenti[8,1,5]
                    *              0             0             1 
   573 assegnamenti[8,1,6]
                    *              0             0             1 
   574 assegnamenti[8,1,7]
                    *              0             0             1 
   575 assegnamenti[8,1,8]
                    *              0             0             1 
   576 assegnamenti[8,1,9]
                    *              0             0             1 
   577 assegnamenti[8,2,1]
                    *              1             0             1 
   578 assegnamenti[8,2,2]
                    *              0             0             1 
   579 assegnamenti[8,2,3]
                    *              0             0             1 
   580 assegnamenti[8,2,4]
                    *              0             0             1 
   581 assegnamenti[8,2,5]
                    *              0             0             1 
   582 assegnamenti[8,2,6]
                    *              0             0             1 
   583 assegnamenti[8,2,7]
                    *              0             0             1 
   584 assegnamenti[8,2,8]
                    *              0             0             1 
   585 assegnamenti[8,2,9]
                    *              0             0             1 
   586 assegnamenti[8,3,1]
                    *              0             0             1 
   587 assegnamenti[8,3,2]
                    *              0             0             1 
   588 assegnamenti[8,3,3]
                    *              0             0             1 
   589 assegnamenti[8,3,4]
                    *              0             0             1 
   590 assegnamenti[8,3,5]
                    *              1             0             1 
   591 assegnamenti[8,3,6]
                    *              0             0             1 
   592 assegnamenti[8,3,7]
                    *              0             0             1 
   593 assegnamenti[8,3,8]
                    *              0             0             1 
   594 assegnamenti[8,3,9]
                    *              0             0             1 
   595 assegnamenti[8,4,1]
                    *              0             0             1 
   596 assegnamenti[8,4,2]
                    *              0             0             1 
   597 assegnamenti[8,4,3]
                    *              1             0             1 
   598 assegnamenti[8,4,4]
                    *              0             0             1 
   599 assegnamenti[8,4,5]
                    *              0             0             1 
   600 assegnamenti[8,4,6]
                    *              0             0             1 
   601 assegnamenti[8,4,7]
                    *              0             0             1 
   602 assegnamenti[8,4,8]
                    *              0             0             1 
   603 assegnamenti[8,4,9]
                    *              0             0             1 
   604 assegnamenti[8,5,1]
                    *              0             0             1 
   605 assegnamenti[8,5,2]
                    *              0             0             1 
   606 assegnamenti[8,5,3]
                    *              0             0             1 
   607 assegnamenti[8,5,4]
                    *              0             0             1 
   608 assegnamenti[8,5,5]
                    *              0             0             1 
   609 assegnamenti[8,5,6]
                    *              1             0             1 
   610 assegnamenti[8,5,7]
                    *              0             0             1 
   611 assegnamenti[8,5,8]
                    *              0             0             1 
   612 assegnamenti[8,5,9]
                    *              0             0             1 
   613 assegnamenti[8,6,1]
                    *              0             0             1 
   614 assegnamenti[8,6,2]
                    *              0             0             1 
   615 assegnamenti[8,6,3]
                    *              0             0             1 
   616 assegnamenti[8,6,4]
                    *              0             0             1 
   617 assegnamenti[8,6,5]
                    *              0             0             1 
   618 assegnamenti[8,6,6]
                    *              0             0             1 
   619 assegnamenti[8,6,7]
                    *              1             0             1 
   620 assegnamenti[8,6,8]
                    *              0             0             1 
   621 assegnamenti[8,6,9]
                    *              0             0             1 
   622 assegnamenti[8,7,1]
                    *              0             0             1 
   623 assegnamenti[8,7,2]
                    *              0             0             1 
   624 assegnamenti[8,7,3]
                    *              0             0             1 
   625 assegnamenti[8,7,4]
                    *              0             0             1 
   626 assegnamenti[8,7,5]
                    *              0             0             1 
   627 assegnamenti[8,7,6]
                    *              0             0             1 
   628 assegnamenti[8,7,7]
                    *              0             0             1 
   629 assegnamenti[8,7,8]
                    *              0             0             1 
   630 assegnamenti[8,7,9]
                    *              1             0             1 
   631 assegnamenti[8,8,1]
                    *              0             0             1 
   632 assegnamenti[8,8,2]
                    *              1             0             1 
   633 assegnamenti[8,8,3]
                    *              0             0             1 
   634 assegnamenti[8,8,4]
                    *              0             0             1 
   635 assegnamenti[8,8,5]
                    *              0             0             1 
   636 assegnamenti[8,8,6]
                    *              0             0             1 
   637 assegnamenti[8,8,7]
                    *              0             0             1 
   638 assegnamenti[8,8,8]
                    *              0             0             1 
   639 assegnamenti[8,8,9]
                    *              0             0             1 
   640 assegnamenti[8,9,1]
                    *              0             0             1 
   641 assegnamenti[8,9,2]
                    *              0             0             1 
   642 assegnamenti[8,9,3]
                    *              0             0             1 
   643 assegnamenti[8,9,4]
                    *              0             0             1 
   644 assegnamenti[8,9,5]
                    *              0             0             1 
   645 assegnamenti[8,9,6]
                    *              0             0             1 
   646 assegnamenti[8,9,7]
                    *              0             0             1 
   647 assegnamenti[8,9,8]
                    *              1             0             1 
   648 assegnamenti[8,9,9]
                    *              0             0             1 
   649 assegnamenti[9,1,1]
                    *              0             0             1 
   650 assegnamenti[9,1,2]
                    *              0             0             1 
   651 assegnamenti[9,1,3]
                    *              0             0             1 
   652 assegnamenti[9,1,4]
                    *              0             0             1 
   653 assegnamenti[9,1,5]
                    *              0             0             1 
   654 assegnamenti[9,1,6]
                    *              0             0             1 
   655 assegnamenti[9,1,7]
                    *              1             0             1 
   656 assegnamenti[9,1,8]
                    *              0             0             1 
   657 assegnamenti[9,1,9]
                    *              0             0             1 
   658 assegnamenti[9,2,1]
                    *              0             0             1 
   659 assegnamenti[9,2,2]
                    *              0             0             1 
   660 assegnamenti[9,2,3]
                    *              0             0             1 
   661 assegnamenti[9,2,4]
                    *              0             0             1 
   662 assegnamenti[9,2,5]
                    *              0             0             1 
   663 assegnamenti[9,2,6]
                    *              0             0             1 
   664 assegnamenti[9,2,7]
                    *              0             0             1 
   665 assegnamenti[9,2,8]
                    *              1             0             1 
   666 assegnamenti[9,2,9]
                    *              0             0             1 
   667 assegnamenti[9,3,1]
                    *              0             0             1 
   668 assegnamenti[9,3,2]
                    *              0             0             1 
   669 assegnamenti[9,3,3]
                    *              0             0             1 
   670 assegnamenti[9,3,4]
                    *              0             0             1 
   671 assegnamenti[9,3,5]
                    *              0             0             1 
   672 assegnamenti[9,3,6]
                    *              1             0             1 
   673 assegnamenti[9,3,7]
                    *              0             0             1 
   674 assegnamenti[9,3,8]
                    *              0             0             1 
   675 assegnamenti[9,3,9]
                    *              0             0             1 
   676 assegnamenti[9,4,1]
                    *              0             0             1 
   677 assegnamenti[9,4,2]
                    *              0             0             1 
   678 assegnamenti[9,4,3]
                    *              0             0             1 
   679 assegnamenti[9,4,4]
                    *              0             0             1 
   680 assegnamenti[9,4,5]
                    *              0             0             1 
   681 assegnamenti[9,4,6]
                    *              0             0             1 
   682 assegnamenti[9,4,7]
                    *              0             0             1 
   683 assegnamenti[9,4,8]
                    *              0             0             1 
   684 assegnamenti[9,4,9]
                    *              1             0             1 
   685 assegnamenti[9,5,1]
                    *              0             0             1 
   686 assegnamenti[9,5,2]
                    *              1             0             1 
   687 assegnamenti[9,5,3]
                    *              0             0             1 
   688 assegnamenti[9,5,4]
                    *              0             0             1 
   689 assegnamenti[9,5,5]
                    *              0             0             1 
   690 assegnamenti[9,5,6]
                    *              0             0             1 
   691 assegnamenti[9,5,7]
                    *              0             0             1 
   692 assegnamenti[9,5,8]
                    *              0             0             1 
   693 assegnamenti[9,5,9]
                    *              0             0             1 
   694 assegnamenti[9,6,1]
                    *              1             0             1 
   695 assegnamenti[9,6,2]
                    *              0             0             1 
   696 assegnamenti[9,6,3]
                    *              0             0             1 
   697 assegnamenti[9,6,4]
                    *              0             0             1 
   698 assegnamenti[9,6,5]
                    *              0             0             1 
   699 assegnamenti[9,6,6]
                    *              0             0             1 
   700 assegnamenti[9,6,7]
                    *              0             0             1 
   701 assegnamenti[9,6,8]
                    *              0             0             1 
   702 assegnamenti[9,6,9]
                    *              0             0             1 
   703 assegnamenti[9,7,1]
                    *              0             0             1 
   704 assegnamenti[9,7,2]
                    *              0             0             1 
   705 assegnamenti[9,7,3]
                    *              1             0             1 
   706 assegnamenti[9,7,4]
                    *              0             0             1 
   707 assegnamenti[9,7,5]
                    *              0             0             1 
   708 assegnamenti[9,7,6]
                    *              0             0             1 
   709 assegnamenti[9,7,7]
                    *              0             0             1 
   710 assegnamenti[9,7,8]
                    *              0             0             1 
   711 assegnamenti[9,7,9]
                    *              0             0             1 
   712 assegnamenti[9,8,1]
                    *              0             0             1 
   713 assegnamenti[9,8,2]
                    *              0             0             1 
   714 assegnamenti[9,8,3]
                    *              0             0             1 
   715 assegnamenti[9,8,4]
                    *              1             0             1 
   716 assegnamenti[9,8,5]
                    *              0             0             1 
   717 assegnamenti[9,8,6]
                    *              0             0             1 
   718 assegnamenti[9,8,7]
                    *              0             0             1 
   719 assegnamenti[9,8,8]
                    *              0             0             1 
   720 assegnamenti[9,8,9]
                    *              0             0             1 
   721 assegnamenti[9,9,1]
                    *              0             0             1 
   722 assegnamenti[9,9,2]
                    *              0             0             1 
   723 assegnamenti[9,9,3]
                    *              0             0             1 
   724 assegnamenti[9,9,4]
                    *              0             0             1 
   725 assegnamenti[9,9,5]
                    *              1             0             1 
   726 assegnamenti[9,9,6]
                    *              0             0             1 
   727 assegnamenti[9,9,7]
                    *              0             0             1 
   728 assegnamenti[9,9,8]
                    *              0             0             1 
   729 assegnamenti[9,9,9]
                    *              0             0             1 

Integer feasibility conditions:

KKT.PE: max.abs.err = 0.00e+00 on row 0
        max.rel.err = 0.00e+00 on row 0
        High quality

KKT.PB: max.abs.err = 0.00e+00 on row 0
        max.rel.err = 0.00e+00 on row 0
        High quality

End of output
