GLPK 4.65 - SENSITIVITY ANALYSIS REPORT                                                                         Page   1

Problem:    tulipani
Objective:  guadagni = 3504.779412 (MAXimum)

   No. Row name     St      Activity         Slack   Lower bound       Activity      Obj coef  Obj value at Limiting
                                          Marginal   Upper bound          range         range   break point variable
------ ------------ -- ------------- ------------- -------------  ------------- ------------- ------------- ------------
     1 guadagni_per_tulipano[1]
                    NS        .             .             .                -Inf          -Inf          -Inf
                                           1.00000        .                +Inf          +Inf          +Inf

     2 guadagni_per_tulipano[2]
                    NS        .             .             .                -Inf          -Inf          -Inf
                                           1.00000        .                +Inf          +Inf          +Inf

     3 guadagni_per_tulipano[3]
                    NS        .             .             .                -Inf          -Inf          -Inf
                                           1.00000        .                +Inf          +Inf          +Inf

     4 guadagni_per_tulipano[4]
                    NS        .             .             .                -Inf          -Inf          -Inf
                                           1.00000        .                +Inf          +Inf          +Inf

     5 guadagni_per_tulipano[5]
                    NS        .             .             .                -Inf          -Inf          -Inf
                                           1.00000        .                +Inf          +Inf          +Inf

     6 costi_per_tulipano[1]
                    NS        .             .             .                -Inf          -Inf          +Inf
                                          -1.00000        .                +Inf          +Inf          -Inf

     7 costi_per_tulipano[2]
                    NS        .             .             .                -Inf          -Inf          +Inf
                                          -1.00000        .                +Inf          +Inf          -Inf

     8 costi_per_tulipano[3]
                    NS        .             .             .                -Inf          -Inf          +Inf
                                          -1.00000        .                +Inf          +Inf          -Inf

     9 costi_per_tulipano[4]
                    NS        .             .             .                -Inf          -Inf          +Inf
                                          -1.00000        .                +Inf          +Inf          -Inf

    10 costi_per_tulipano[5]
                    NS        .             .             .                -Inf          -Inf          +Inf
                                          -1.00000        .                +Inf          +Inf          -Inf

GLPK 4.65 - SENSITIVITY ANALYSIS REPORT                                                                         Page   2

Problem:    tulipani
Objective:  guadagni = 3504.779412 (MAXimum)

   No. Row name     St      Activity         Slack   Lower bound       Activity      Obj coef  Obj value at Limiting
                                          Marginal   Upper bound          range         range   break point variable
------ ------------ -- ------------- ------------- -------------  ------------- ------------- ------------- ------------
    11 areaTot      BS       1.68824      98.31176          -Inf         .50000   -3312.50000   -2087.50000 limiteAcqua
                                            .          100.00000        1.72236    1575.00000    6163.75000 Ac[2]

    12 percentuali_esportazione_max[1]
                    NU        .             .               -Inf       -1.50000     -30.00000    3459.77941 percentuali_esportazione_min[1]
                                          30.00000        .                +Inf          +Inf          +Inf

    13 percentuali_esportazione_max[2]
                    NU        .             .               -Inf       -2.25000     -30.00000    3437.27941 percentuali_esportazione_min[2]
                                          30.00000        .                +Inf          +Inf          +Inf

    14 percentuali_esportazione_max[3]
                    NU        .             .               -Inf      -45.08824     -35.00000    1926.69118 percentuali_esportazione_min[3]
                                          35.00000        .                +Inf          +Inf          +Inf

    15 percentuali_esportazione_max[4]
                    NU        .             .               -Inf       -2.50000     -25.00000    3442.27941 percentuali_esportazione_min[4]
                                          25.00000        .                +Inf          +Inf          +Inf

    16 percentuali_esportazione_max[5]
                    NU        .             .               -Inf       -2.50000      -5.00000    3492.27941 percentuali_esportazione_min[5]
                                           5.00000        .                +Inf          +Inf          +Inf

    17 percentuali_esportazione_min[1]
                    BS       1.50000      -1.50000        .                -Inf     -30.00000    3459.77941 percentuali_esportazione_max[1]
                                            .               +Inf        2.54167     147.25490    3725.66176 Ac[1]

    18 percentuali_esportazione_min[2]
                    BS       2.25000      -2.25000        .                -Inf     -30.00000    3437.27941 percentuali_esportazione_max[2]
                                            .               +Inf        3.43671      45.29412    3606.69118 Ac[2]

    19 percentuali_esportazione_min[3]
                    BS      45.08824     -45.08824        .                -Inf     -35.00000    1926.69118 percentuali_esportazione_max[3]
                                            .               +Inf       45.08824          +Inf          +Inf

    20 percentuali_esportazione_min[4]
                    BS       2.50000      -2.50000        .                -Inf     -25.00000    3442.27941 percentuali_esportazione_max[4]
                                            .               +Inf        3.16489     195.58824    3993.75000 Ac[4]

GLPK 4.65 - SENSITIVITY ANALYSIS REPORT                                                                         Page   3

Problem:    tulipani
Objective:  guadagni = 3504.779412 (MAXimum)

   No. Row name     St      Activity         Slack   Lower bound       Activity      Obj coef  Obj value at Limiting
                                          Marginal   Upper bound          range         range   break point variable
------ ------------ -- ------------- ------------- -------------  ------------- ------------- ------------- ------------
    21 percentuali_esportazione_min[5]
                    BS       2.50000      -2.50000        .                -Inf      -5.00000    3492.27941 percentuali_esportazione_max[5]
                                            .               +Inf        3.51461     143.97059    3864.70588 Ac[5]

    22 limiteAcqua  NU   30000.00000        .               -Inf     4750.00000       -.15588    -431.25000 Ac[3]
                                            .15588   30000.00000    30903.84615          +Inf    3645.67308 limiteCB

    23 limiteCA     BS    2816.17647     183.82353          -Inf     1925.00000      -4.41667   -8933.33333 limiteAcqua
                                            .         3000.00000    14550.00000        .29241    4328.24367 Ac[2]

    24 limiteCB     BS    4861.76471     138.23529          -Inf     1000.00000      -1.01923   -1450.48077 limiteAcqua
                                            .         5000.00000     4918.08511       2.30903   14730.72917 Ac[4]

    25 guadagni     BS    3504.77941   -3504.77941          -Inf     3437.27941      -1.00000        .      percentuali_esportazione_max[2]
                                            .               +Inf     3504.77941          +Inf          +Inf

GLPK 4.65 - SENSITIVITY ANALYSIS REPORT                                                                         Page   4

Problem:    tulipani
Objective:  guadagni = 3504.779412 (MAXimum)

   No. Column name  St      Activity      Obj coef   Lower bound       Activity      Obj coef  Obj value at Limiting
                                          Marginal   Upper bound          range         range   break point variable
------ ------------ -- ------------- ------------- -------------  ------------- ------------- ------------- ------------
     1 Ac[1]        NL       5.00000        .            5.00000         .               -Inf    3725.66176 percentuali_esportazione_min[1]
                                         -44.17647          +Inf        8.47222      44.17647    3351.38889 limiteCA

     2 Ac[2]        NL       5.00000        .            5.00000         .               -Inf    3606.69118 percentuali_esportazione_min[2]
                                         -20.38235          +Inf        7.63713      20.38235    3451.02848 limiteCA

     3 Ac[3]        BS      64.41176        .            5.00000       63.48101     -57.75000    -215.00000 Ac[2]
                                            .               +Inf       64.41176          +Inf          +Inf

     4 Ac[4]        NL       5.00000        .            5.00000         .               -Inf    3993.75000 percentuali_esportazione_min[4]
                                         -97.79412          +Inf        6.32979      97.79412    3374.73404 limiteCA

     5 Ac[5]        NL       5.00000        .            5.00000         .               -Inf    3864.70588 percentuali_esportazione_min[5]
                                         -71.98529          +Inf        7.02922      71.98529    3358.70536 limiteCA

     6 Ae[1]        BS       2.00000        .               -Inf         .50000     -30.00000    3444.77941 percentuali_esportazione_max[1]
                                            .               +Inf        3.38889     110.44118    3725.66176 Ac[1]

     7 Ae[2]        BS       3.00000        .               -Inf         .75000     -30.00000    3414.77941 percentuali_esportazione_max[2]
                                            .               +Inf        4.58228      33.97059    3606.69118 Ac[2]

     8 Ae[3]        BS      48.30882        .               -Inf        3.22059     -35.00000    1813.97059 percentuali_esportazione_max[3]
                                            .               +Inf       48.30882          +Inf          +Inf

     9 Ae[4]        BS       5.00000        .               -Inf        2.50000     -25.00000    3379.77941 percentuali_esportazione_max[4]
                                            .               +Inf        6.32979      97.79412    3993.75000 Ac[4]

    10 Ae[5]        BS       2.50000        .               -Inf         .           -5.00000    3492.27941 percentuali_esportazione_max[5]
                                            .               +Inf        3.51461     143.97059    3864.70588 Ac[5]

GLPK 4.65 - SENSITIVITY ANALYSIS REPORT                                                                         Page   5

Problem:    tulipani
Objective:  guadagni = 3504.779412 (MAXimum)

   No. Column name  St      Activity      Obj coef   Lower bound       Activity      Obj coef  Obj value at Limiting
                                          Marginal   Upper bound          range         range   break point variable
------ ------------ -- ------------- ------------- -------------  ------------- ------------- ------------- ------------
    11 r[1]         BS     360.00000       1.00000          -Inf      315.00000        .         3144.77941 percentuali_esportazione_max[1]
                                            .               +Inf      610.00000       1.61356    3725.66176 Ac[1]

    12 r[2]         BS     490.00000       1.00000          -Inf      422.50000        .         3014.77941 percentuali_esportazione_max[2]
                                            .               +Inf      748.43882       1.20798    3606.69118 Ac[2]

    13 r[3]         BS    9420.22059       1.00000          -Inf     9284.09810        .60513    -215.00000 Ac[2]
                                            .               +Inf     9420.22059          +Inf          +Inf

    14 r[4]         BS     500.00000       1.00000          -Inf      437.50000        .         3004.77941 percentuali_esportazione_max[4]
                                            .               +Inf      632.97872       1.97794    3993.75000 Ac[4]

    15 r[5]         BS     412.50000       1.00000          -Inf      400.00000        .         3092.27941 percentuali_esportazione_max[5]
                                            .               +Inf      579.91071       1.87255    3864.70588 Ac[5]

    16 c[1]         BS     425.00000      -1.00000          -Inf      425.00000          -Inf          -Inf
                                            .               +Inf      720.13889       -.48028    3725.66176 Ac[1]

    17 c[2]         BS     475.00000      -1.00000          -Inf      475.00000          -Inf          -Inf
                                            .               +Inf      725.52743       -.78545    3606.69118 Ac[2]

    18 c[3]         BS    5152.94118      -1.00000          -Inf     5078.48101      -1.72188    -215.00000 Ac[2]
                                            .               +Inf     5152.94118          +Inf          +Inf

    19 c[4]         BS     950.00000      -1.00000          -Inf      950.00000          -Inf          -Inf
                                            .               +Inf     1202.65957       -.48529    3993.75000 Ac[4]

    20 c[5]         BS     675.00000      -1.00000          -Inf      675.00000          -Inf          -Inf
                                            .               +Inf      948.94481       -.46678    3864.70588 Ac[5]

End of report
